{"time": "2025-07-03 22:43:52,721", "level": "INFO", "message": "{"time": "2025-07-03 22:43:52", "method": "GET", "path": "/api/v1/metrics", "status_code": 200, "process_time_ms": 0.75}"}
{"time": "2025-07-03 22:43:52,732", "level": "INFO", "message": "{"time": "2025-07-03 22:43:52", "method": "GET", "path": "/api/v1/metrics/detailed", "status_code": 200, "process_time_ms": 0.85}"}
{"time": "2025-07-09 14:13:24,066", "level": "INFO", "message": "{"time": "2025-07-09 14:13:24", "method": "GET", "path": "/api/v1/health", "status_code": 200, "process_time_ms": 0.77}"}
{"time": "2025-07-09 14:13:24,162", "level": "INFO", "message": "{"time": "2025-07-09 14:13:24", "method": "GET", "path": "/favicon.ico", "status_code": 404, "process_time_ms": 0.22}"}
{"time": "2025-07-09 14:13:50,016", "level": "INFO", "message": "{"time": "2025-07-09 14:13:50", "method": "GET", "path": "/api/v1/metrics", "status_code": 200, "process_time_ms": 0.78}"}
{"time": "2025-07-09 14:14:06,995", "level": "INFO", "message": "{"time": "2025-07-09 14:14:06", "method": "GET", "path": "/docs", "status_code": 200, "process_time_ms": 0.3}"}
{"time": "2025-07-09 14:14:07,215", "level": "INFO", "message": "{"time": "2025-07-09 14:14:07", "method": "GET", "path": "/openapi.json", "status_code": 200, "process_time_ms": 1.34}"}
{"time": "2025-07-09 14:15:44,454", "level": "INFO", "message": "{"time": "2025-07-09 14:15:44", "method": "GET", "path": "/api/v1/health", "status_code": 200, "process_time_ms": 0.35}"}
{"time": "2025-07-09 14:15:50,240", "level": "INFO", "message": "{"time": "2025-07-09 14:15:50", "method": "GET", "path": "/api/v1/metrics", "status_code": 200, "process_time_ms": 0.56}"}
{"time": "2025-07-09 14:15:54,207", "level": "INFO", "message": "{"time": "2025-07-09 14:15:54", "method": "GET", "path": "/api/v1/metrics", "status_code": 200, "process_time_ms": 0.55}"}
{"time": "2025-07-09 14:15:54,988", "level": "INFO", "message": "{"time": "2025-07-09 14:15:54", "method": "GET", "path": "/api/v1/metrics", "status_code": 200, "process_time_ms": 0.55}"}
{"time": "2025-07-09 14:15:55,987", "level": "INFO", "message": "{"time": "2025-07-09 14:15:55", "method": "GET", "path": "/api/v1/metrics", "status_code": 200, "process_time_ms": 0.52}"}
{"time": "2025-07-09 14:15:59,439", "level": "INFO", "message": "{"time": "2025-07-09 14:15:59", "method": "GET", "path": "/docs", "status_code": 200, "process_time_ms": 0.15}"}
{"time": "2025-07-09 14:15:59,556", "level": "INFO", "message": "{"time": "2025-07-09 14:15:59", "method": "GET", "path": "/openapi.json", "status_code": 200, "process_time_ms": 0.18}"}
{"time": "2025-07-09 14:17:58,206", "level": "INFO", "message": "{"time": "2025-07-09 14:17:58", "method": "GET", "path": "/api/v1/metrics", "status_code": 200, "process_time_ms": 1.35}"}
{"time": "2025-07-09 14:17:58,220", "level": "INFO", "message": "{"time": "2025-07-09 14:17:58", "method": "GET", "path": "/api/v1/metrics/detailed", "status_code": 200, "process_time_ms": 1.84}"}
{"time": "2025-07-09 14:18:34,415", "level": "INFO", "message": "{"time": "2025-07-09 14:18:34", "method": "GET", "path": "/api/v1/metrics", "status_code": 200, "process_time_ms": 0.47}"}
{"time": "2025-07-09 14:18:34,425", "level": "INFO", "message": "{"time": "2025-07-09 14:18:34", "method": "GET", "path": "/api/v1/metrics/detailed", "status_code": 200, "process_time_ms": 1.02}"}
{"time": "2025-07-09 14:18:47,051", "level": "INFO", "message": "{"time": "2025-07-09 14:18:47", "method": "GET", "path": "/api/v1/metrics", "status_code": 200, "process_time_ms": 0.76}"}
{"time": "2025-07-09 14:18:47,060", "level": "INFO", "message": "{"time": "2025-07-09 14:18:47", "method": "GET", "path": "/api/v1/metrics/detailed", "status_code": 200, "process_time_ms": 0.99}"}
{"time": "2025-07-09 14:33:33,836", "level": "INFO", "message": "{"time": "2025-07-09 14:33:33", "method": "GET", "path": "/api/v1/metrics", "status_code": 200, "process_time_ms": 0.73}"}
{"time": "2025-07-09 14:33:33,846", "level": "INFO", "message": "{"time": "2025-07-09 14:33:33", "method": "GET", "path": "/api/v1/metrics/detailed", "status_code": 200, "process_time_ms": 0.92}"}
{"time": "2025-07-09 14:33:36,879", "level": "INFO", "message": "{"time": "2025-07-09 14:33:36", "method": "GET", "path": "/api/v1/metrics", "status_code": 200, "process_time_ms": 0.52}"}
{"time": "2025-07-09 14:33:36,890", "level": "INFO", "message": "{"time": "2025-07-09 14:33:36", "method": "GET", "path": "/api/v1/metrics/detailed", "status_code": 200, "process_time_ms": 1.06}"}
{"time": "2025-07-09 14:37:30,787", "level": "INFO", "message": "{"time": "2025-07-09 14:37:30", "method": "GET", "path": "/api/v1/metrics", "status_code": 200, "process_time_ms": 1.93}"}
{"time": "2025-07-11 21:51:44,226", "level": "INFO", "message": "{"time": "2025-07-11 21:51:44", "method": "GET", "path": "/api/v1/metrics", "status_code": 200, "process_time_ms": 31.66}"}
{"time": "2025-07-11 21:51:44,277", "level": "INFO", "message": "{"time": "2025-07-11 21:51:44", "method": "GET", "path": "/api/v1/metrics/detailed", "status_code": 200, "process_time_ms": 9.17}"}
{"time": "2025-07-11 22:21:49,850", "level": "INFO", "message": "{"time": "2025-07-11 22:21:49", "method": "GET", "path": "/api/v1/metrics", "status_code": 200, "process_time_ms": 0.59}"}
{"time": "2025-07-11 22:21:49,862", "level": "INFO", "message": "{"time": "2025-07-11 22:21:49", "method": "GET", "path": "/api/v1/metrics/detailed", "status_code": 200, "process_time_ms": 1.02}"}
{"time": "2025-07-11 22:22:50,271", "level": "INFO", "message": "{"time": "2025-07-11 22:22:50", "method": "GET", "path": "/api/v1/health", "status_code": 200, "process_time_ms": 0.54}"}
{"time": "2025-07-11 22:23:07,056", "level": "INFO", "message": "{"time": "2025-07-11 22:23:07", "method": "GET", "path": "/api/v1/metrics", "status_code": 200, "process_time_ms": 0.55}"}
{"time": "2025-07-11 22:23:24,330", "level": "INFO", "message": "{"time": "2025-07-11 22:23:24", "method": "GET", "path": "/docs", "status_code": 200, "process_time_ms": 0.23}"}
{"time": "2025-07-11 22:23:27,349", "level": "INFO", "message": "{"time": "2025-07-11 22:23:27", "method": "GET", "path": "/openapi.json", "status_code": 200, "process_time_ms": 2.37}"}
{"time": "2025-07-11 22:25:42,569", "level": "INFO", "message": "{"time": "2025-07-11 22:25:42", "method": "GET", "path": "/api/v1/books/search", "status_code": 200, "process_time_ms": 1.56}"}
{"time": "2025-07-11 22:26:42,268", "level": "INFO", "message": "{"time": "2025-07-11 22:26:42", "method": "GET", "path": "/api/v1/books/search", "status_code": 200, "process_time_ms": 0.85}"}
{"time": "2025-07-11 22:27:01,059", "level": "INFO", "message": "{"time": "2025-07-11 22:27:01", "method": "GET", "path": "/api/v1/books/search", "status_code": 200, "process_time_ms": 0.66}"}
{"time": "2025-07-11 22:27:42,367", "level": "INFO", "message": "{"time": "2025-07-11 22:27:42", "method": "GET", "path": "/api/v1/books/search", "status_code": 200, "process_time_ms": 0.82}"}
{"time": "2025-07-11 22:28:04,628", "level": "INFO", "message": "{"time": "2025-07-11 22:28:04", "method": "GET", "path": "/api/v1/books/search", "status_code": 200, "process_time_ms": 0.83}"}
{"time": "2025-07-11 22:37:17,811", "level": "INFO", "message": "{"time": "2025-07-11 22:37:17", "method": "GET", "path": "/api/v1/books/search", "status_code": 200, "process_time_ms": 1.57}"}
{"time": "2025-07-11 22:37:26,236", "level": "INFO", "message": "{"time": "2025-07-11 22:37:26", "method": "GET", "path": "/api/v1/books/search", "status_code": 404, "process_time_ms": 0.65}"}
{"time": "2025-07-11 22:37:35,657", "level": "INFO", "message": "{"time": "2025-07-11 22:37:35", "method": "GET", "path": "/api/v1/books/search", "status_code": 200, "process_time_ms": 0.77}"}
{"time": "2025-07-11 22:38:24,707", "level": "INFO", "message": "{"time": "2025-07-11 22:38:24", "method": "GET", "path": "/api/v1/metrics", "status_code": 200, "process_time_ms": 0.7}"}
{"time": "2025-07-11 22:38:24,720", "level": "INFO", "message": "{"time": "2025-07-11 22:38:24", "method": "GET", "path": "/api/v1/metrics/detailed", "status_code": 200, "process_time_ms": 1.56}"}
{"time": "2025-07-11 22:38:29,663", "level": "INFO", "message": "{"time": "2025-07-11 22:38:29", "method": "GET", "path": "/api/v1/metrics", "status_code": 200, "process_time_ms": 0.65}"}
{"time": "2025-07-11 22:38:29,672", "level": "INFO", "message": "{"time": "2025-07-11 22:38:29", "method": "GET", "path": "/api/v1/metrics/detailed", "status_code": 200, "process_time_ms": 1.24}"}
{"time": "2025-07-11 22:38:56,401", "level": "INFO", "message": "{"time": "2025-07-11 22:38:56", "method": "GET", "path": "/api/v1/metrics", "status_code": 200, "process_time_ms": 0.72}"}
{"time": "2025-07-11 22:38:56,410", "level": "INFO", "message": "{"time": "2025-07-11 22:38:56", "method": "GET", "path": "/api/v1/metrics/detailed", "status_code": 200, "process_time_ms": 1.0}"}
{"time": "2025-07-11 22:39:00,415", "level": "INFO", "message": "{"time": "2025-07-11 22:39:00", "method": "GET", "path": "/api/v1/metrics", "status_code": 200, "process_time_ms": 0.58}"}
{"time": "2025-07-11 22:39:00,425", "level": "INFO", "message": "{"time": "2025-07-11 22:39:00", "method": "GET", "path": "/api/v1/metrics/detailed", "status_code": 200, "process_time_ms": 1.29}"}
{"time": "2025-07-11 22:39:53,139", "level": "INFO", "message": "{"time": "2025-07-11 22:39:53", "method": "GET", "path": "/api/v1/books/search", "status_code": 200, "process_time_ms": 0.94}"}
{"time": "2025-07-11 22:39:59,945", "level": "INFO", "message": "{"time": "2025-07-11 22:39:59", "method": "GET", "path": "/api/v1/metrics", "status_code": 200, "process_time_ms": 0.87}"}
{"time": "2025-07-11 22:39:59,955", "level": "INFO", "message": "{"time": "2025-07-11 22:39:59", "method": "GET", "path": "/api/v1/metrics/detailed", "status_code": 200, "process_time_ms": 1.15}"}
